~/Downloads/SQSC/terraform-bug-22965/step1 ~/Downloads/SQSC/terraform-bug-22965

[0m[1mInitializing the backend...[0m

[0m[1mInitializing provider plugins...[0m

[0m[1m[32mTerraform has been successfully initialized![0m[32m[0m
[0m[32m
You may now begin working with Terraform. Try running "terraform plan" to see
any changes that are required for your infrastructure. All Terraform commands
should now work.

If you ever set or change modules or backend configuration for Terraform,
rerun this command to reinitialize your working directory. If you forget, other
commands will detect it and remind you to do so if necessary.[0m

An execution plan has been generated and is shown below.
Resource actions are indicated with the following symbols:
  [32m+[0m create
[0m
Terraform will perform the following actions:

[32m  [32m+[0m [32maws_key_pair.admin_key
[0m      id:          <computed>
      fingerprint: <computed>
      key_name:    "test_admin_key"
      public_key:  "ssh-rsa AAAAB3NzaC1yc2EAAAADAQABAAACAQDeoprQTQ4zpaV1hp0s27eA5PEuh4ObhJnzJB52405PLQij7Pq0elOphCPq7UwABab3Y3jy8tHoB/5lIq2OR0RwbWlx1OBQdIM06i0M4hNu/DZ8VAlfHSb+0Exrk6kS/wYALA+idOAupsTDmhxbDo77grAnyk/RqoPWKwmzqKW/ARymcQskS0VSlD8pJ6GCShS9vGVdwqJyPXae9KTWuc4skTYReokksSVpNdJVFPZkg7QYYNuuin7Zw5jXMp5L358qriQBoYkY2wA9rXpteAQ1uiDCxNU953HcmAPFUFLwlu4utvgdPgQAujihox19ImBLp3bZLFvcAXxvQWXnsaHJ4hbGX5XNiBjSnnptSVOydqWy2i8RofTIPLY8jjTYV343JqZbDhQB5qdgIgz3WqQeyocL/R8he8VGXNU3LUS5dZQRliCMZNHoXY1+Y7XVsRrD4Ya2PemFvRXFNhNEgI9dnBCvlGsnJIIWwQJFmIHftC8/hCaPQSO6zuCXmIfM/4SkMYlf1nTo6641f3lJ5bpzfhKWIgkPpl7XFz5JJ76UzSa8kwPSyJoS3IOfcExbpcGuXg6eWzfsRx3i9UQqytnCVRuxlxg+pnpBoZVf37GR8cN/LHCEd6bjZa3svO7VhSh569pjVOFrnV9/79l3/2IApZKftaI6MoMFztmNWnehTQ== test@terraform"
[0m
[0m
[0m[1mPlan:[0m 1 to add, 0 to change, 0 to destroy.[0m

[0m[1mDo you want to perform these actions?[0m
  Terraform will perform the actions described above.
  Only 'yes' will be accepted to approve.

  [1mEnter a value:[0m [0m
[0m[1maws_key_pair.admin_key: Creating...[0m
  fingerprint: "" => "<computed>"
  key_name:    "" => "test_admin_key"
  public_key:  "" => "ssh-rsa AAAAB3NzaC1yc2EAAAADAQABAAACAQDeoprQTQ4zpaV1hp0s27eA5PEuh4ObhJnzJB52405PLQij7Pq0elOphCPq7UwABab3Y3jy8tHoB/5lIq2OR0RwbWlx1OBQdIM06i0M4hNu/DZ8VAlfHSb+0Exrk6kS/wYALA+idOAupsTDmhxbDo77grAnyk/RqoPWKwmzqKW/ARymcQskS0VSlD8pJ6GCShS9vGVdwqJyPXae9KTWuc4skTYReokksSVpNdJVFPZkg7QYYNuuin7Zw5jXMp5L358qriQBoYkY2wA9rXpteAQ1uiDCxNU953HcmAPFUFLwlu4utvgdPgQAujihox19ImBLp3bZLFvcAXxvQWXnsaHJ4hbGX5XNiBjSnnptSVOydqWy2i8RofTIPLY8jjTYV343JqZbDhQB5qdgIgz3WqQeyocL/R8he8VGXNU3LUS5dZQRliCMZNHoXY1+Y7XVsRrD4Ya2PemFvRXFNhNEgI9dnBCvlGsnJIIWwQJFmIHftC8/hCaPQSO6zuCXmIfM/4SkMYlf1nTo6641f3lJ5bpzfhKWIgkPpl7XFz5JJ76UzSa8kwPSyJoS3IOfcExbpcGuXg6eWzfsRx3i9UQqytnCVRuxlxg+pnpBoZVf37GR8cN/LHCEd6bjZa3svO7VhSh569pjVOFrnV9/79l3/2IApZKftaI6MoMFztmNWnehTQ== test@terraform"[0m
[0m[1maws_key_pair.admin_key: Creation complete after 1s (ID: test_admin_key)[0m[0m
[0m[1m[32m
Apply complete! Resources: 1 added, 0 changed, 0 destroyed.[0m
Releasing state lock. This may take a few moments...
~/Downloads/SQSC/terraform-bug-22965
